<?xml version="1.0" encoding="UTF-8"?>
<!-- Generated by org.testng.reporters.JUnitReportReporter -->
<testsuite hostname="DESKTOP-P1MMKPT" failures="0" tests="4" name="testNG.TestNGexample" time="0.533" errors="0" timestamp="2024-08-22T22:38:59 IST" skipped="0">
  <testcase classname="testNG.TestNGexample" name="Checkifuserrightclick" time="0.185">
    <system-out>
      <![CDATA[Test Checkifuserrightclick passed]]>
    </system-out>
  </testcase> <!-- Checkifuserrightclick -->
  <testcase classname="testNG.TestNGexample" name="Checkifuserdoubleclick" time="0.341"/>
  <testcase classname="testNG.TestNGexample" name="bird" time="0.005"/>
  <testcase classname="testNG.TestNGexample" name="pet" time="0.002"/>
  <system-out>
    <![CDATA[Test started
Test Checkifuserrightclick passed
Test passed
Test started
Test passed
Test started
Test passed
Test started
Test passed]]>
  </system-out>
</testsuite> <!-- testNG.TestNGexample -->
