<?xml version="1.0" encoding="UTF-8"?>
<!-- Generated by org.testng.reporters.JUnitReportReporter -->
<testsuite hostname="DESKTOP-P1MMKPT" failures="0" tests="3" name="testNG.CountExampe1" time="26.197" errors="0" timestamp="2024-08-22T19:18:58 IST" skipped="0">
  <testcase classname="testNG.CountExampe1" name="f" time="10.507">
    <system-out>
      <![CDATA[Successfully passed]]>
    </system-out>
  </testcase> <!-- f -->
  <testcase classname="testNG.CountExampe1" name="f" time="9.808">
    <system-out>
      <![CDATA[Successfully passed]]>
    </system-out>
  </testcase> <!-- f -->
  <testcase classname="testNG.CountExampe1" name="f" time="5.882">
    <system-out>
      <![CDATA[Successfully passed]]>
    </system-out>
  </testcase> <!-- f -->
  <system-out>
    <![CDATA[Successfully passed
Successfully passed
Successfully passed]]>
  </system-out>
</testsuite> <!-- testNG.CountExampe1 -->
