<?xml version="1.0" encoding="UTF-8"?>
<!-- Generated by org.testng.reporters.JUnitReportReporter -->
<testsuite hostname="DESKTOP-P1MMKPT" failures="0" tests="6" name="testNG.TestNgBasicEx" time="0.066" errors="0" timestamp="2024-08-22T22:08:51 IST" skipped="0">
  <testcase classname="testNG.TestNgBasicEx" name="multi1" time="0.017"/>
  <testcase classname="testNG.TestNgBasicEx" name="divison" time="0.010"/>
  <testcase classname="testNG.TestNgBasicEx" name="multi" time="0.009"/>
  <testcase classname="testNG.TestNgBasicEx" name="test1" time="0.009"/>
  <testcase classname="testNG.TestNgBasicEx" name="Substraction" time="0.012"/>
  <testcase classname="testNG.TestNgBasicEx" name="addition" time="0.009"/>
</testsuite> <!-- testNG.TestNgBasicEx -->
