<?xml version="1.0" encoding="UTF-8"?>
<!-- Generated by org.testng.reporters.JUnitReportReporter -->
<testsuite hostname="DESKTOP-P1MMKPT" failures="0" tests="4" name="testNG.GroupingTest" time="0.057" errors="0" timestamp="2024-08-26T22:52:11 IST" skipped="0">
  <testcase classname="testNG.GroupingTest" name="invalidLoginTest2" time="0.006"/>
  <testcase classname="testNG.GroupingTest" name="addItemToCartTest" time="0.029"/>
  <testcase classname="testNG.GroupingTest" name="removeItemFromCartTest" time="0.015"/>
  <testcase classname="testNG.GroupingTest" name="invalidLoginTest1" time="0.007"/>
</testsuite> <!-- testNG.GroupingTest -->
