<?xml version="1.0" encoding="UTF-8"?>
<!-- Generated by org.testng.reporters.JUnitReportReporter -->
<testsuite hostname="DESKTOP-P1MMKPT" failures="0" tests="2" name="testNG.ParameteringEx1" time="17.373" errors="0" timestamp="2024-08-26T23:07:58 IST" skipped="0">
  <testcase classname="testNG.ParameteringEx1" name="loginTest" time="8.112"/>
  <testcase classname="testNG.ParameteringEx1" name="loginTest" time="9.261"/>
</testsuite> <!-- testNG.ParameteringEx1 -->
