<?xml version="1.0" encoding="UTF-8"?>
<!-- Generated by org.testng.reporters.JUnitReportReporter -->
<testsuite hostname="DESKTOP-P1MMKPT" failures="0" tests="6" name="testNG.TestNgBasicEx" time="0.065" errors="0" timestamp="2024-08-26T22:44:30 IST" skipped="0">
  <testcase classname="testNG.TestNgBasicEx" name="multi1" time="0.007"/>
  <testcase classname="testNG.TestNgBasicEx" name="divison" time="0.011"/>
  <testcase classname="testNG.TestNgBasicEx" name="multi" time="0.020"/>
  <testcase classname="testNG.TestNgBasicEx" name="test1" time="0.010"/>
  <testcase classname="testNG.TestNgBasicEx" name="Substraction" time="0.003"/>
  <testcase classname="testNG.TestNgBasicEx" name="addition" time="0.014"/>
</testsuite> <!-- testNG.TestNgBasicEx -->
