<?xml version="1.0" encoding="UTF-8"?>
<!-- Generated by org.testng.reporters.JUnitReportReporter -->
<testsuite hostname="DESKTOP-P1MMKPT" failures="0" tests="1" name="testNG.SoftAsserExample" time="0.038" errors="0" timestamp="2024-08-22T18:16:28 IST" skipped="0">
  <testcase classname="testNG.SoftAsserExample" name="SoftAssertex1" time="0.038"/>
</testsuite> <!-- testNG.SoftAsserExample -->
