<?xml version="1.0" encoding="UTF-8"?>
<!-- Generated by org.testng.reporters.JUnitReportReporter -->
<testsuite hostname="DESKTOP-P1MMKPT" failures="0" tests="4" name="testNG.TestNGexample" time="0.431" errors="0" timestamp="2024-08-23T17:20:43 IST" skipped="0">
  <testcase classname="testNG.TestNGexample" name="Checkifuserrightclick" time="0.190">
    <system-out>
      <![CDATA[Test Checkifuserrightclick passed]]>
    </system-out>
  </testcase> <!-- Checkifuserrightclick -->
  <testcase classname="testNG.TestNGexample" name="Checkifuserdoubleclick" time="0.232"/>
  <testcase classname="testNG.TestNGexample" name="bird" time="0.005"/>
  <testcase classname="testNG.TestNGexample" name="pet" time="0.004"/>
  <system-out>
    <![CDATA[Test started
Test Checkifuserrightclick passed
Test passed
Test started
Test passed
Test started
Test passed
Test started
Test passed]]>
  </system-out>
</testsuite> <!-- testNG.TestNGexample -->
