<?xml version="1.0" encoding="UTF-8"?>
<!-- Generated by org.testng.reporters.JUnitReportReporter -->
<testsuite hostname="DESKTOP-P1MMKPT" failures="0" tests="3" name="testNG.DataProviderExample" time="31.383" errors="0" timestamp="2024-08-23T21:44:26 IST" skipped="0">
  <testcase classname="testNG.DataProviderExample" name="f" time="6.949"/>
  <testcase classname="testNG.DataProviderExample" name="f" time="16.451"/>
  <testcase classname="testNG.DataProviderExample" name="f" time="7.983"/>
</testsuite> <!-- testNG.DataProviderExample -->
